<?xml version="1.0" encoding="UTF-8"?>
<!-- Generated by org.testng.reporters.JUnitReportReporter -->
<testsuite hostname="DESKTOP-DB9ED7V" failures="0" tests="1" name="MavenProject.Maven_Url" time="0.037" errors="0" timestamp="2023-01-18T14:43:12 IST" skipped="0">
  <testcase classname="MavenProject.Maven_Url" name="CreateTest" time="0.037"/>
  <system-out/>
</testsuite> <!-- MavenProject.Maven_Url -->
