<?xml version="1.0" encoding="UTF-8"?>
<!-- Generated by org.testng.reporters.JUnitReportReporter -->
<testsuite hostname="DESKTOP-DB9ED7V" failures="0" tests="1" name="Maven_Practic.MavenSimpleClass" time="0.025" errors="0" timestamp="2023-01-16T15:42:34 IST" skipped="0">
  <testcase classname="Maven_Practic.MavenSimpleClass" name="delete" time="0.025"/>
  <system-out/>
</testsuite> <!-- Maven_Practic.MavenSimpleClass -->
