<?xml version="1.0" encoding="UTF-8"?>
<!-- Generated by org.testng.reporters.JUnitReportReporter -->
<testsuite hostname="DESKTOP-DB9ED7V" failures="0" tests="1" name="MavenProject.DeleteTest" time="0.012" errors="0" timestamp="2023-01-18T12:54:23 IST" skipped="0">
  <testcase classname="MavenProject.DeleteTest" name="delete" time="0.012"/>
  <system-out/>
</testsuite> <!-- MavenProject.DeleteTest -->
