<?xml version="1.0" encoding="UTF-8"?>
<!-- Generated by org.testng.reporters.JUnitReportReporter -->
<testsuite hostname="DESKTOP-DB9ED7V" failures="0" tests="2" name="MavenProject.Practic1_Maven" time="0.003" errors="0" timestamp="2023-01-18T12:54:23 IST" skipped="0">
  <testcase classname="MavenProject.Practic1_Maven" name="update2" time="0.001"/>
  <system-out/>
  <testcase classname="MavenProject.Practic1_Maven" name="delete2" time="0.002"/>
  <system-out/>
</testsuite> <!-- MavenProject.Practic1_Maven -->
