<?xml version="1.0" encoding="UTF-8"?>
<!-- Generated by org.testng.reporters.JUnitReportReporter -->
<testsuite hostname="DESKTOP-DB9ED7V" failures="0" tests="2" name="MavenProject.PracticMaven2" time="0.035" errors="0" timestamp="2023-01-18T14:53:21 IST" skipped="0">
  <testcase classname="MavenProject.PracticMaven2" name="changed" time="0.024"/>
  <system-out/>
  <testcase classname="MavenProject.PracticMaven2" name="update" time="0.011"/>
  <system-out/>
</testsuite> <!-- MavenProject.PracticMaven2 -->
