<?xml version="1.0" encoding="UTF-8"?>
<!-- Generated by org.testng.reporters.JUnitReportReporter -->
<testsuite hostname="DESKTOP-DB9ED7V" failures="0" tests="4" name="MavenProject.regression_Practic" time="0.043" errors="0" timestamp="2023-01-18T12:54:22 IST" skipped="0">
  <testcase classname="MavenProject.regression_Practic" name="update" time="0.012"/>
  <system-out/>
  <testcase classname="MavenProject.regression_Practic" name="deleted" time="0.012"/>
  <system-out/>
  <testcase classname="MavenProject.regression_Practic" name="utilize" time="0.010"/>
  <system-out/>
  <testcase classname="MavenProject.regression_Practic" name="school" time="0.009"/>
  <system-out/>
</testsuite> <!-- MavenProject.regression_Practic -->
